########### array before sorts ###########
0	3.810000	42.217500	3.810000	2.222500	n
1	3.810000	2.222500	3.853274	1.893800	n
2	3.853274	1.893800	3.980148	1.587500	n
3	3.980148	1.587500	4.181974	1.324474	n
4	4.181974	1.324474	4.445000	1.122648	n
5	4.445000	1.122648	4.751300	0.995774	n
6	4.751300	0.995774	5.080000	0.952500	n
7	5.080000	0.952500	25.387500	0.952500	n
8	25.387500	0.952500	25.716200	0.995774	n
9	25.716200	0.995774	26.022500	1.122648	n
10	26.022500	1.122648	26.285526	1.324474	n
11	26.285526	1.324474	26.487352	1.587500	n
12	26.487352	1.587500	26.614226	1.893800	n
13	26.614226	1.893800	26.657500	2.222500	n
14	26.657500	2.222500	26.657500	42.217500	n
15	26.657500	42.217500	26.614226	42.546200	n
16	26.614226	42.546200	26.487352	42.852500	n
17	26.487352	42.852500	26.285526	43.115526	n
18	26.285526	43.115526	26.022500	43.317352	n
19	26.022500	43.317352	25.716200	43.444226	n
20	25.716200	43.444226	25.387500	43.487500	n
21	25.387500	43.487500	5.080000	43.487500	n
22	5.080000	43.487500	4.751300	43.444226	n
23	4.751300	43.444226	4.445000	43.317352	n
24	4.445000	43.317352	4.181974	43.115526	n
25	4.181974	43.115526	3.980148	42.852500	n
26	3.980148	42.852500	3.853274	42.546200	n
27	3.853274	42.546200	3.810000	42.217500	n
Tolerance=0.050000.
*Exact match for i=0 and j=1.
*i point 3.810000	42.217500	3.810000	2.222500	y
*Exact match for i=1 and j=2.
*i point 3.810000	2.222500	3.853274	1.893800	y
*Exact match for i=2 and j=3.
*i point 3.853274	1.893800	3.980148	1.587500	y
*Exact match for i=3 and j=4.
*i point 3.980148	1.587500	4.181974	1.324474	y
*Exact match for i=4 and j=5.
*i point 4.181974	1.324474	4.445000	1.122648	y
*Exact match for i=5 and j=6.
*i point 4.445000	1.122648	4.751300	0.995774	y
*Exact match for i=6 and j=7.
*i point 4.751300	0.995774	5.080000	0.952500	y
*Exact match for i=7 and j=8.
*i point 5.080000	0.952500	25.387500	0.952500	y
*Exact match for i=8 and j=9.
*i point 25.387500	0.952500	25.716200	0.995774	y
*Exact match for i=9 and j=10.
*i point 25.716200	0.995774	26.022500	1.122648	y
*Exact match for i=10 and j=11.
*i point 26.022500	1.122648	26.285526	1.324474	y
*Exact match for i=11 and j=12.
*i point 26.285526	1.324474	26.487352	1.587500	y
*Exact match for i=12 and j=13.
*i point 26.487352	1.587500	26.614226	1.893800	y
*Exact match for i=13 and j=14.
*i point 26.614226	1.893800	26.657500	2.222500	y
*Exact match for i=14 and j=15.
*i point 26.657500	2.222500	26.657500	42.217500	y
*Exact match for i=15 and j=16.
*i point 26.657500	42.217500	26.614226	42.546200	y
*Exact match for i=16 and j=17.
*i point 26.614226	42.546200	26.487352	42.852500	y
*Exact match for i=17 and j=18.
*i point 26.487352	42.852500	26.285526	43.115526	y
*Exact match for i=18 and j=19.
*i point 26.285526	43.115526	26.022500	43.317352	y
*Exact match for i=19 and j=20.
*i point 26.022500	43.317352	25.716200	43.444226	y
*Exact match for i=20 and j=21.
*i point 25.716200	43.444226	25.387500	43.487500	y
*Exact match for i=21 and j=22.
*i point 25.387500	43.487500	5.080000	43.487500	y
*Exact match for i=22 and j=23.
*i point 5.080000	43.487500	4.751300	43.444226	y
*Exact match for i=23 and j=24.
*i point 4.751300	43.444226	4.445000	43.317352	y
*Exact match for i=24 and j=25.
*i point 4.445000	43.317352	4.181974	43.115526	y
*Exact match for i=25 and j=26.
*i point 4.181974	43.115526	3.980148	42.852500	y
*Exact match for i=26 and j=27.
*i point 3.980148	42.852500	3.853274	42.546200	y
########### array after sorts ###########
0	3.810000	42.217500	3.810000	2.222500	y
1	3.810000	2.222500	3.853274	1.893800	y
2	3.853274	1.893800	3.980148	1.587500	y
3	3.980148	1.587500	4.181974	1.324474	y
4	4.181974	1.324474	4.445000	1.122648	y
5	4.445000	1.122648	4.751300	0.995774	y
6	4.751300	0.995774	5.080000	0.952500	y
7	5.080000	0.952500	25.387500	0.952500	y
8	25.387500	0.952500	25.716200	0.995774	y
9	25.716200	0.995774	26.022500	1.122648	y
10	26.022500	1.122648	26.285526	1.324474	y
11	26.285526	1.324474	26.487352	1.587500	y
12	26.487352	1.587500	26.614226	1.893800	y
13	26.614226	1.893800	26.657500	2.222500	y
14	26.657500	2.222500	26.657500	42.217500	y
15	26.657500	42.217500	26.614226	42.546200	y
16	26.614226	42.546200	26.487352	42.852500	y
17	26.487352	42.852500	26.285526	43.115526	y
18	26.285526	43.115526	26.022500	43.317352	y
19	26.022500	43.317352	25.716200	43.444226	y
20	25.716200	43.444226	25.387500	43.487500	y
21	25.387500	43.487500	5.080000	43.487500	y
22	5.080000	43.487500	4.751300	43.444226	y
23	4.751300	43.444226	4.445000	43.317352	y
24	4.445000	43.317352	4.181974	43.115526	y
25	4.181974	43.115526	3.980148	42.852500	y
26	3.980148	42.852500	3.853274	42.546200	y
27	3.853274	42.546200	3.810000	42.217500	y
***************
.BOARD_OUTLINE UNOWNED
1.6
0     3.810000     42.217500     0
0     3.810000     2.222500     0
0     3.853274     1.893800     0
0     3.980148     1.587500     0
0     4.181974     1.324474     0
0     4.445000     1.122648     0
0     4.751300     0.995774     0
0     5.080000     0.952500     0
0     25.387500     0.952500     0
0     25.716200     0.995774     0
0     26.022500     1.122648     0
0     26.285526     1.324474     0
0     26.487352     1.587500     0
0     26.614226     1.893800     0
0     26.657500     2.222500     0
0     26.657500     42.217500     0
0     26.614226     42.546200     0
0     26.487352     42.852500     0
0     26.285526     43.115526     0
0     26.022500     43.317352     0
0     25.716200     43.444226     0
0     25.387500     43.487500     0
0     5.080000     43.487500     0
0     4.751300     43.444226     0
0     4.445000     43.317352     0
0     4.181974     43.115526     0
0     3.980148     42.852500     0
0     3.853274     42.546200     0
0     3.810000     42.217500     0
